Performing C SOURCE FILE Test CMAKE_HAVE_LIBC_PTHREAD failed with the following output:
Change Dir: /home/luca/source/GP3/1D/build/CMakeFiles/CMakeTmp

Run Build Command(s):/usr/bin/make cmTC_3e004/fast && /usr/bin/make -f CMakeFiles/cmTC_3e004.dir/build.make CMakeFiles/cmTC_3e004.dir/build
make[1]: Entering directory '/home/luca/source/GP3/1D/build/CMakeFiles/CMakeTmp'
Building C object CMakeFiles/cmTC_3e004.dir/src.c.o
/usr/bin/cc   -DCMAKE_HAVE_LIBC_PTHREAD   -o CMakeFiles/cmTC_3e004.dir/src.c.o   -c /home/luca/source/GP3/1D/build/CMakeFiles/CMakeTmp/src.c
Linking C executable cmTC_3e004
/home/luca/software/cmake/cmake-3.17.0-rc3-Linux-x86_64/bin/cmake -E cmake_link_script CMakeFiles/cmTC_3e004.dir/link.txt --verbose=1
/usr/bin/cc  -DCMAKE_HAVE_LIBC_PTHREAD    -rdynamic CMakeFiles/cmTC_3e004.dir/src.c.o  -o cmTC_3e004 
CMakeFiles/cmTC_3e004.dir/src.c.o: In function `main':
src.c:(.text+0x3e): undefined reference to `pthread_create'
src.c:(.text+0x4a): undefined reference to `pthread_detach'
src.c:(.text+0x56): undefined reference to `pthread_cancel'
src.c:(.text+0x67): undefined reference to `pthread_join'
src.c:(.text+0x7b): undefined reference to `pthread_atfork'
collect2: error: ld returned 1 exit status
CMakeFiles/cmTC_3e004.dir/build.make:103: recipe for target 'cmTC_3e004' failed
make[1]: *** [cmTC_3e004] Error 1
make[1]: Leaving directory '/home/luca/source/GP3/1D/build/CMakeFiles/CMakeTmp'
Makefile:138: recipe for target 'cmTC_3e004/fast' failed
make: *** [cmTC_3e004/fast] Error 2


Source file was:
#include <pthread.h>

void* test_func(void* data)
{
  return data;
}

int main(void)
{
  pthread_t thread;
  pthread_create(&thread, NULL, test_func, NULL);
  pthread_detach(thread);
  pthread_cancel(thread);
  pthread_join(thread, NULL);
  pthread_atfork(NULL, NULL, NULL);
  pthread_exit(NULL);

  return 0;
}

Determining if the function pthread_create exists in the pthreads failed with the following output:
Change Dir: /home/luca/source/GP3/1D/build/CMakeFiles/CMakeTmp

Run Build Command(s):/usr/bin/make cmTC_8ca5f/fast && /usr/bin/make -f CMakeFiles/cmTC_8ca5f.dir/build.make CMakeFiles/cmTC_8ca5f.dir/build
make[1]: Entering directory '/home/luca/source/GP3/1D/build/CMakeFiles/CMakeTmp'
Building C object CMakeFiles/cmTC_8ca5f.dir/CheckFunctionExists.c.o
/usr/bin/cc   -DCHECK_FUNCTION_EXISTS=pthread_create   -o CMakeFiles/cmTC_8ca5f.dir/CheckFunctionExists.c.o   -c /home/luca/software/cmake/cmake-3.17.0-rc3-Linux-x86_64/share/cmake-3.17/Modules/CheckFunctionExists.c
Linking C executable cmTC_8ca5f
/home/luca/software/cmake/cmake-3.17.0-rc3-Linux-x86_64/bin/cmake -E cmake_link_script CMakeFiles/cmTC_8ca5f.dir/link.txt --verbose=1
/usr/bin/cc  -DCHECK_FUNCTION_EXISTS=pthread_create    -rdynamic CMakeFiles/cmTC_8ca5f.dir/CheckFunctionExists.c.o  -o cmTC_8ca5f  -lpthreads 
/usr/bin/ld: cannot find -lpthreads
collect2: error: ld returned 1 exit status
CMakeFiles/cmTC_8ca5f.dir/build.make:103: recipe for target 'cmTC_8ca5f' failed
make[1]: *** [cmTC_8ca5f] Error 1
make[1]: Leaving directory '/home/luca/source/GP3/1D/build/CMakeFiles/CMakeTmp'
Makefile:138: recipe for target 'cmTC_8ca5f/fast' failed
make: *** [cmTC_8ca5f/fast] Error 2



Performing C++ SOURCE FILE Test COMPILER_SUPPORT_Wshorten64to32 failed with the following output:
Change Dir: /home/luca/source/GP3/1D/build/CMakeFiles/CMakeTmp

Run Build Command(s):/usr/bin/make cmTC_f3d2a/fast && /usr/bin/make -f CMakeFiles/cmTC_f3d2a.dir/build.make CMakeFiles/cmTC_f3d2a.dir/build
make[1]: Entering directory '/home/luca/source/GP3/1D/build/CMakeFiles/CMakeTmp'
Building CXX object CMakeFiles/cmTC_f3d2a.dir/src.cxx.o
/usr/bin/c++    -std=c++03 -pedantic -Wall -Wextra -Wundef -Wcast-align -Wchar-subscripts -Wnon-virtual-dtor -Wunused-local-typedefs -Wpointer-arith -Wwrite-strings -Wformat-security -DCOMPILER_SUPPORT_Wshorten64to32 -Werror   -Wshorten-64-to-32 -o CMakeFiles/cmTC_f3d2a.dir/src.cxx.o -c /home/luca/source/GP3/1D/build/CMakeFiles/CMakeTmp/src.cxx
c++: error: unrecognized command line option '-Wshorten-64-to-32'
CMakeFiles/cmTC_f3d2a.dir/build.make:82: recipe for target 'CMakeFiles/cmTC_f3d2a.dir/src.cxx.o' failed
make[1]: *** [CMakeFiles/cmTC_f3d2a.dir/src.cxx.o] Error 1
make[1]: Leaving directory '/home/luca/source/GP3/1D/build/CMakeFiles/CMakeTmp'
Makefile:138: recipe for target 'cmTC_f3d2a/fast' failed
make: *** [cmTC_f3d2a/fast] Error 2


Source file was:
int main() { return 0; }
Performing C++ SOURCE FILE Test COMPILER_SUPPORT_Wenumconversion failed with the following output:
Change Dir: /home/luca/source/GP3/1D/build/CMakeFiles/CMakeTmp

Run Build Command(s):/usr/bin/make cmTC_a0c9e/fast && /usr/bin/make -f CMakeFiles/cmTC_a0c9e.dir/build.make CMakeFiles/cmTC_a0c9e.dir/build
make[1]: Entering directory '/home/luca/source/GP3/1D/build/CMakeFiles/CMakeTmp'
Building CXX object CMakeFiles/cmTC_a0c9e.dir/src.cxx.o
/usr/bin/c++    -std=c++03 -pedantic -Wall -Wextra -Wundef -Wcast-align -Wchar-subscripts -Wnon-virtual-dtor -Wunused-local-typedefs -Wpointer-arith -Wwrite-strings -Wformat-security -Wlogical-op -DCOMPILER_SUPPORT_Wenumconversion -Werror   -Wenum-conversion -o CMakeFiles/cmTC_a0c9e.dir/src.cxx.o -c /home/luca/source/GP3/1D/build/CMakeFiles/CMakeTmp/src.cxx
c++: error: unrecognized command line option '-Wenum-conversion'; did you mean '-Wno-conversion'?
CMakeFiles/cmTC_a0c9e.dir/build.make:82: recipe for target 'CMakeFiles/cmTC_a0c9e.dir/src.cxx.o' failed
make[1]: *** [CMakeFiles/cmTC_a0c9e.dir/src.cxx.o] Error 1
make[1]: Leaving directory '/home/luca/source/GP3/1D/build/CMakeFiles/CMakeTmp'
Makefile:138: recipe for target 'cmTC_a0c9e/fast' failed
make: *** [cmTC_a0c9e/fast] Error 2


Source file was:
int main() { return 0; }
Performing C++ SOURCE FILE Test COMPILER_SUPPORT_Wcpp11extensions failed with the following output:
Change Dir: /home/luca/source/GP3/1D/build/CMakeFiles/CMakeTmp

Run Build Command(s):/usr/bin/make cmTC_5f4cc/fast && /usr/bin/make -f CMakeFiles/cmTC_5f4cc.dir/build.make CMakeFiles/cmTC_5f4cc.dir/build
make[1]: Entering directory '/home/luca/source/GP3/1D/build/CMakeFiles/CMakeTmp'
Building CXX object CMakeFiles/cmTC_5f4cc.dir/src.cxx.o
/usr/bin/c++    -std=c++03 -pedantic -Wall -Wextra -Wundef -Wcast-align -Wchar-subscripts -Wnon-virtual-dtor -Wunused-local-typedefs -Wpointer-arith -Wwrite-strings -Wformat-security -Wlogical-op -DCOMPILER_SUPPORT_Wcpp11extensions -Werror   -Wc++11-extensions -o CMakeFiles/cmTC_5f4cc.dir/src.cxx.o -c /home/luca/source/GP3/1D/build/CMakeFiles/CMakeTmp/src.cxx
c++: error: unrecognized command line option '-Wc++11-extensions'; did you mean '-fms-extensions'?
CMakeFiles/cmTC_5f4cc.dir/build.make:82: recipe for target 'CMakeFiles/cmTC_5f4cc.dir/src.cxx.o' failed
make[1]: *** [CMakeFiles/cmTC_5f4cc.dir/src.cxx.o] Error 1
make[1]: Leaving directory '/home/luca/source/GP3/1D/build/CMakeFiles/CMakeTmp'
Makefile:138: recipe for target 'cmTC_5f4cc/fast' failed
make: *** [cmTC_5f4cc/fast] Error 2


Source file was:
int main() { return 0; }
Performing C++ SOURCE FILE Test COMPILER_SUPPORT_wd981 failed with the following output:
Change Dir: /home/luca/source/GP3/1D/build/CMakeFiles/CMakeTmp

Run Build Command(s):/usr/bin/make cmTC_d0924/fast && /usr/bin/make -f CMakeFiles/cmTC_d0924.dir/build.make CMakeFiles/cmTC_d0924.dir/build
make[1]: Entering directory '/home/luca/source/GP3/1D/build/CMakeFiles/CMakeTmp'
Building CXX object CMakeFiles/cmTC_d0924.dir/src.cxx.o
/usr/bin/c++    -std=c++03 -pedantic -Wall -Wextra -Wundef -Wcast-align -Wchar-subscripts -Wnon-virtual-dtor -Wunused-local-typedefs -Wpointer-arith -Wwrite-strings -Wformat-security -Wlogical-op -Wdouble-promotion -Wno-psabi -Wno-variadic-macros -Wno-long-long -fno-check-new -fno-common -fstrict-aliasing -DCOMPILER_SUPPORT_wd981 -Werror   -wd981 -o CMakeFiles/cmTC_d0924.dir/src.cxx.o -c /home/luca/source/GP3/1D/build/CMakeFiles/CMakeTmp/src.cxx
c++: error: unrecognized command line option '-wd981'
CMakeFiles/cmTC_d0924.dir/build.make:82: recipe for target 'CMakeFiles/cmTC_d0924.dir/src.cxx.o' failed
make[1]: *** [CMakeFiles/cmTC_d0924.dir/src.cxx.o] Error 1
make[1]: Leaving directory '/home/luca/source/GP3/1D/build/CMakeFiles/CMakeTmp'
Makefile:138: recipe for target 'cmTC_d0924/fast' failed
make: *** [cmTC_d0924/fast] Error 2


Source file was:
int main() { return 0; }
Performing C++ SOURCE FILE Test COMPILER_SUPPORT_wd2304 failed with the following output:
Change Dir: /home/luca/source/GP3/1D/build/CMakeFiles/CMakeTmp

Run Build Command(s):/usr/bin/make cmTC_2d458/fast && /usr/bin/make -f CMakeFiles/cmTC_2d458.dir/build.make CMakeFiles/cmTC_2d458.dir/build
make[1]: Entering directory '/home/luca/source/GP3/1D/build/CMakeFiles/CMakeTmp'
Building CXX object CMakeFiles/cmTC_2d458.dir/src.cxx.o
/usr/bin/c++    -std=c++03 -pedantic -Wall -Wextra -Wundef -Wcast-align -Wchar-subscripts -Wnon-virtual-dtor -Wunused-local-typedefs -Wpointer-arith -Wwrite-strings -Wformat-security -Wlogical-op -Wdouble-promotion -Wno-psabi -Wno-variadic-macros -Wno-long-long -fno-check-new -fno-common -fstrict-aliasing -DCOMPILER_SUPPORT_wd2304 -Werror   -wd2304 -o CMakeFiles/cmTC_2d458.dir/src.cxx.o -c /home/luca/source/GP3/1D/build/CMakeFiles/CMakeTmp/src.cxx
c++: error: unrecognized command line option '-wd2304'
CMakeFiles/cmTC_2d458.dir/build.make:82: recipe for target 'CMakeFiles/cmTC_2d458.dir/src.cxx.o' failed
make[1]: *** [CMakeFiles/cmTC_2d458.dir/src.cxx.o] Error 1
make[1]: Leaving directory '/home/luca/source/GP3/1D/build/CMakeFiles/CMakeTmp'
Makefile:138: recipe for target 'cmTC_2d458/fast' failed
make: *** [cmTC_2d458/fast] Error 2


Source file was:
int main() { return 0; }
Performing C++ SOURCE FILE Test COMPILER_SUPPORT_STRICTANSI failed with the following output:
Change Dir: /home/luca/source/GP3/1D/build/CMakeFiles/CMakeTmp

Run Build Command(s):/usr/bin/make cmTC_a8bc4/fast && /usr/bin/make -f CMakeFiles/cmTC_a8bc4.dir/build.make CMakeFiles/cmTC_a8bc4.dir/build
make[1]: Entering directory '/home/luca/source/GP3/1D/build/CMakeFiles/CMakeTmp'
Building CXX object CMakeFiles/cmTC_a8bc4.dir/src.cxx.o
/usr/bin/c++    -std=c++03 -pedantic -Wall -Wextra -Wundef -Wcast-align -Wchar-subscripts -Wnon-virtual-dtor -Wunused-local-typedefs -Wpointer-arith -Wwrite-strings -Wformat-security -Wlogical-op -Wdouble-promotion -Wno-psabi -Wno-variadic-macros -Wno-long-long -fno-check-new -fno-common -fstrict-aliasing -DCOMPILER_SUPPORT_STRICTANSI -Werror   -strict-ansi -o CMakeFiles/cmTC_a8bc4.dir/src.cxx.o -c /home/luca/source/GP3/1D/build/CMakeFiles/CMakeTmp/src.cxx
c++: error: unrecognized command line option '-strict-ansi'; did you mean '-fstrict-enums'?
CMakeFiles/cmTC_a8bc4.dir/build.make:82: recipe for target 'CMakeFiles/cmTC_a8bc4.dir/src.cxx.o' failed
make[1]: *** [CMakeFiles/cmTC_a8bc4.dir/src.cxx.o] Error 1
make[1]: Leaving directory '/home/luca/source/GP3/1D/build/CMakeFiles/CMakeTmp'
Makefile:138: recipe for target 'cmTC_a8bc4/fast' failed
make: *** [cmTC_a8bc4/fast] Error 2


Source file was:
int main() { return 0; }
Performing C++ SOURCE FILE Test COMPILER_SUPPORT_Qunusedarguments failed with the following output:
Change Dir: /home/luca/source/GP3/1D/build/CMakeFiles/CMakeTmp

Run Build Command(s):/usr/bin/make cmTC_e0958/fast && /usr/bin/make -f CMakeFiles/cmTC_e0958.dir/build.make CMakeFiles/cmTC_e0958.dir/build
make[1]: Entering directory '/home/luca/source/GP3/1D/build/CMakeFiles/CMakeTmp'
Building CXX object CMakeFiles/cmTC_e0958.dir/src.cxx.o
/usr/bin/c++    -std=c++03 -pedantic -Wall -Wextra -Wundef -Wcast-align -Wchar-subscripts -Wnon-virtual-dtor -Wunused-local-typedefs -Wpointer-arith -Wwrite-strings -Wformat-security -Wlogical-op -Wdouble-promotion -Wno-psabi -Wno-variadic-macros -Wno-long-long -fno-check-new -fno-common -fstrict-aliasing -DCOMPILER_SUPPORT_Qunusedarguments -Werror   -Qunused-arguments -o CMakeFiles/cmTC_e0958.dir/src.cxx.o -c /home/luca/source/GP3/1D/build/CMakeFiles/CMakeTmp/src.cxx
c++: error: unrecognized command line option '-Qunused-arguments'
CMakeFiles/cmTC_e0958.dir/build.make:82: recipe for target 'CMakeFiles/cmTC_e0958.dir/src.cxx.o' failed
make[1]: *** [CMakeFiles/cmTC_e0958.dir/src.cxx.o] Error 1
make[1]: Leaving directory '/home/luca/source/GP3/1D/build/CMakeFiles/CMakeTmp'
Makefile:138: recipe for target 'cmTC_e0958/fast' failed
make: *** [cmTC_e0958/fast] Error 2


Source file was:
int main() { return 0; }
